<?xml version="1.0" encoding="UTF-8"?>
<testsuite name="ServicioSpect" tests="6" skipped="0" failures="0" errors="0" timestamp="2021-05-27T20:05:02" hostname="LAPTOP-SP4V3O2S" time="0.021">
  <properties/>
  <testcase name="Ingresar cliente" classname="ServicioSpect" time="0.006"/>
  <testcase name="ingresa pedido[0]" classname="ServicioSpect" time="0.004"/>
  <testcase name="ingresa pedido[1]" classname="ServicioSpect" time="0.001"/>
  <testcase name="filtrar productos" classname="ServicioSpect" time="0.001"/>
  <testcase name="filtrar clientes" classname="ServicioSpect" time="0.001"/>
  <testcase name="eliminar pedido" classname="ServicioSpect" time="0.001"/>
  <system-out><![CDATA[[Pedido(numero_pedido=654, cliente_id=3, nombre_cliente=Pablo, calle=avenida Jupiter, ciudad=Santiago, fecha_envio=5 de Septiembre, producto_id=7987, hora_de_empaquetado=10:30, cantidad_comprada=1, estado=despachado), Pedido(numero_pedido=159, cliente_id=6, nombre_cliente=Marta, calle=Los Arces, ciudad=Temuco, fecha_envio=28 de Enero, producto_id=8526, hora_de_empaquetado=23:15, cantidad_comprada=2, estado=retenido), Pedido(numero_pedido=753, cliente_id=7, nombre_cliente=Cristina, calle=calle rio verde, ciudad=Concepcion, fecha_envio=14 de Octubre, producto_id=8526, hora_de_empaquetado=14:05, cantidad_comprada=1, estado=despachado), Pedido(numero_pedido=147, cliente_id=5, nombre_cliente=Renato, calle=calle los saltos, ciudad=Antofagasta, fecha_envio=15 de Mayo, producto_id=7987, hora_de_empaquetado=15:49, cantidad_comprada=3, estado=retenido), Pedido(numero_pedido=682, cliente_id=8, nombre_cliente=Israel, calle=avenida pajaritos, ciudad=Santiago, fecha_envio=22 de Julio, producto_id=4268, hora_de_empaquetado=18:18, cantidad_comprada=1, estado=despachado)][Pedido(numero_pedido=654, cliente_id=3, nombre_cliente=Pablo, calle=avenida Jupiter, ciudad=Santiago, fecha_envio=5 de Septiembre, producto_id=7987, hora_de_empaquetado=10:30, cantidad_comprada=1, estado=despachado), Pedido(numero_pedido=159, cliente_id=6, nombre_cliente=Marta, calle=Los Arces, ciudad=Temuco, fecha_envio=28 de Enero, producto_id=8526, hora_de_empaquetado=23:15, cantidad_comprada=2, estado=retenido), Pedido(numero_pedido=753, cliente_id=7, nombre_cliente=Cristina, calle=calle rio verde, ciudad=Concepcion, fecha_envio=14 de Octubre, producto_id=8526, hora_de_empaquetado=14:05, cantidad_comprada=1, estado=despachado), Pedido(numero_pedido=147, cliente_id=5, nombre_cliente=Renato, calle=calle los saltos, ciudad=Antofagasta, fecha_envio=15 de Mayo, producto_id=7987, hora_de_empaquetado=15:49, cantidad_comprada=3, estado=retenido), Pedido(numero_pedido=682, cliente_id=8, nombre_cliente=Israel, calle=avenida pajaritos, ciudad=Santiago, fecha_envio=22 de Julio, producto_id=4268, hora_de_empaquetado=18:18, cantidad_comprada=1, estado=despachado), Pedido(numero_pedido=null, cliente_id=null, nombre_cliente=null, calle=null, ciudad=null, fecha_envio=null, producto_id=null, hora_de_empaquetado=null, cantidad_comprada=null, estado=null)]]]></system-out>
  <system-err><![CDATA[]]></system-err>
</testsuite>
